<?xml version="1.0" encoding="UTF-8"?>
<Site BuildName="Darwin-aarch64-apple-darwin23-g++-14"
	BuildStamp="20241029-0111-Experimental"
	Name="Ramans-MacBook-Air.local"
	Generator="ctest-3.26.3"
	CompilerName="/opt/homebrew/bin/aarch64-apple-darwin23-g++-14"
	CompilerVersion="14.2.0"
	OSName="macOS"
	Hostname="Ramans-MacBook-Air.local"
	OSRelease="14.3.1"
	OSVersion="23D60"
	OSPlatform="arm64"
	Is64Bits="1"
	VendorString="IBM"
	VendorID="IBM"
	FamilyID="16777228"
	ModelID="2"
	ProcessorCacheSize="131072"
	NumberOfLogicalCPU="8"
	NumberOfPhysicalCPU="8"
	TotalVirtualMemory="7168"
	TotalPhysicalMemory="8192"
	LogicalProcessorsPerPhysical="8"
	ProcessorClockFrequency="0"
	>
	<Testing>
		<StartDateTime>Oct 29 19:30 IST</StartDateTime>
		<StartTestTime>1730210447</StartTestTime>
		<TestList/>
		<EndDateTime>Oct 29 19:30 IST</EndDateTime>
		<EndTestTime>1730210447</EndTestTime>
		<ElapsedMinutes>0</ElapsedMinutes>
	</Testing>
</Site>
